<?xml version="1.0" encoding="UTF-8"?>
<testsuite xmlns:xsi="http://www.w3.org/2001/XMLSchema-instance" xsi:noNamespaceSchemaLocation="https://maven.apache.org/surefire/maven-surefire-plugin/xsd/surefire-test-report.xsd" version="3.0.2" name="io.github.yuokada.quarkus.extension.fluency.fluentd.test.QuarkusFluencyFluentdDevModeTest" time="3.776" tests="1" errors="0" skipped="0" failures="0" flakes="0">
  <properties>
[...]
</properties>
  <testcase name="writeYourOwnDevModeTest" classname="io.github.yuokada.quarkus.extension.fluency.fluentd.test.QuarkusFluencyFluentdDevModeTest" time="3.672">
    <system-out><![CDATA[&amp#27;[90mDownloading from &amp#27;[0mcentral&amp#27;[90m: https://repo.maven.apache.org/maven2/&amp#27;[0mio/quarkus/quarkus-bom-quarkus-platform-properties/3.27.2/quarkus-bom-quarkus-platform-properties-3.27.2.properties
Progress (1): quarkus-bom-quarkus-platform-properties-3.27.2.properties (45 B)                                                                              Downloaded&amp#27;[90m from &amp#27;[0mcentral&amp#27;[90m: https://repo.maven.apache.org/maven2/&amp#27;[0mio/quarkus/quarkus-bom-quarkus-platform-properties/3.27.2/quarkus-bom-quarkus-platform-properties-3.27.2.properties&amp#27;[90m (45 B at 199 B/s)&amp#27;[0m
2026-03-07 07:45:17,614 INFO  [org.jbo.threads] (main) JBoss Threads version 3.9.1
&amp#27;[94mTests paused&amp#27;[39m
__  ____  __  _____   ___  __ ____  ______ 
 --/ __ \/ / / / _ | / _ \/ //_/ / / / __/ 
 -/ /_/ / /_/ / __ |/ , _/ ,< / /_/ /\ \   
--\___\_\____/_/ |_/_/|_/_/|_|\____/___/   
2026-03-07 07:45:18,621 INFO  [io.quarkus] (Quarkus Main Thread) quarkus-fluency-fluentd-deployment 0.0.6-SNAPSHOT on JVM (powered by Quarkus 3.27.2) started in 1.565s. 
2026-03-07 07:45:18,626 INFO  [io.quarkus] (Quarkus Main Thread) Profile dev activated. Live Coding activated.
2026-03-07 07:45:18,626 INFO  [io.quarkus] (Quarkus Main Thread) Installed features: [cdi, quarkus-fluency-fluentd]
2026-03-07 07:45:18,643 INFO  [io.quarkus] (Quarkus Main Thread) quarkus-fluency-fluentd-deployment stopped in 0.005s
]]></system-out>
  </testcase>
</testsuite>